生成启动时间为 2014-3-24 21:51:37。
     1>项目“E:\cocos2d-x-2.2.2\cocos2d-x-2.2.2\projects\DEMO323\proj.win32\DEMO323.vcxproj”在节点 2 上(build 个目标)。
     1>InitializeBuildStatus:
         正在创建“Debug.win32\DEMO323.unsuccessfulbuild”，因为已指定“AlwaysCreate”。
       ClCompile:
         E:\VS2010\VC\bin\CL.exe /c /I"E:\cocos2d-x-2.2.2\cocos2d-x-2.2.2\projects\DEMO323\proj.win32\..\..\..\cocos2dx" /I"E:\cocos2d-x-2.2.2\cocos2d-x-2.2.2\projects\DEMO323\proj.win32\..\..\..\cocos2dx\include" /I"E:\cocos2d-x-2.2.2\cocos2d-x-2.2.2\projects\DEMO323\proj.win32\..\..\..\cocos2dx\kazmath\include" /I"E:\cocos2d-x-2.2.2\cocos2d-x-2.2.2\projects\DEMO323\proj.win32\..\..\..\cocos2dx\platform\win32" /I"E:\cocos2d-x-2.2.2\cocos2d-x-2.2.2\projects\DEMO323\proj.win32\..\..\..\cocos2dx\platform\third_party\win32" /I"E:\cocos2d-x-2.2.2\cocos2d-x-2.2.2\projects\DEMO323\proj.win32\..\..\..\cocos2dx\platform\third_party\win32\OGLES" /I"E:\cocos2d-x-2.2.2\cocos2d-x-2.2.2\projects\DEMO323\proj.win32\..\..\..\external" /I"E:\cocos2d-x-2.2.2\cocos2d-x-2.2.2\projects\DEMO323\proj.win32\..\..\..\external\chipmunk\include\chipmunk" /I"E:\cocos2d-x-2.2.2\cocos2d-x-2.2.2\projects\DEMO323\proj.win32\..\..\..\CocosDenshion\include" /I"E:\cocos2d-x-2.2.2\cocos2d-x-2.2.2\projects\DEMO323\proj.win32\..\..\..\extensions" /I..\Classes /I.. /ZI /nologo /W3 /WX- /Od /Oy- /D WIN32 /D _DEBUG /D _WINDOWS /D _USE_MATH_DEFINES /D GL_GLEXT_PROTOTYPES /D CC_ENABLE_CHIPMUNK_INTEGRATION=1 /D COCOS2D_DEBUG=1 /D _CRT_SECURE_NO_WARNINGS /D _SCL_SECURE_NO_WARNINGS /D _UNICODE /D UNICODE /Gm /EHsc /RTC1 /MDd /GS /fp:precise /Zc:wchar_t /Zc:forScope /Fo"Debug.win32\\" /Fd"Debug.win32\vc100.pdb" /Gd /TP /wd4267 /wd4251 /wd4244 /analyze- /errorReport:prompt ..\Classes\GameLayer.cpp ..\Classes\LevelGame05.cpp
         LevelGame05.cpp
         GameLayer.cpp
         正在生成代码...
       ManifestResourceCompile:
         所有输出均为最新。
       PreLinkEvent:
         if not exist "E:\cocos2d-x-2.2.2\cocos2d-x-2.2.2\projects\DEMO323\proj.win32\Debug.win32\" mkdir "E:\cocos2d-x-2.2.2\cocos2d-x-2.2.2\projects\DEMO323\proj.win32\Debug.win32\"
         xcopy /Y /Q "E:\cocos2d-x-2.2.2\cocos2d-x-2.2.2\projects\DEMO323\proj.win32\..\..\..\external\libwebsockets\win32\lib\*.*" "E:\cocos2d-x-2.2.2\cocos2d-x-2.2.2\projects\DEMO323\proj.win32\Debug.win32\"
         :VCEnd
         复制了 2 个文件
       Link:
         E:\VS2010\VC\bin\link.exe /ERRORREPORT:PROMPT /OUT:"E:\cocos2d-x-2.2.2\cocos2d-x-2.2.2\projects\DEMO323\proj.win32\Debug.win32\DEMO323.exe" /INCREMENTAL /NOLOGO /LIBPATH:"E:\cocos2d-x-2.2.2\cocos2d-x-2.2.2\projects\DEMO323\proj.win32\Debug.win32\\" libExtensions.lib libcocos2d.lib libCocosDenshion.lib opengl32.lib glew32.lib libBox2d.lib libchipmunk.lib libcurl_imp.lib pthreadVCE2.lib websockets.lib kernel32.lib user32.lib gdi32.lib winspool.lib comdlg32.lib advapi32.lib shell32.lib ole32.lib oleaut32.lib uuid.lib odbc32.lib odbccp32.lib /MANIFEST /ManifestFile:"Debug.win32\DEMO323.exe.intermediate.manifest" /MANIFESTUAC:"level='asInvoker' uiAccess='false'" /DEBUG /PDB:"E:\cocos2d-x-2.2.2\cocos2d-x-2.2.2\projects\DEMO323\proj.win32\Debug.win32\DEMO323.pdb" /SUBSYSTEM:WINDOWS /TLBID:1 /DYNAMICBASE /NXCOMPAT /IMPLIB:"E:\cocos2d-x-2.2.2\cocos2d-x-2.2.2\projects\DEMO323\proj.win32\Debug.win32\DEMO323.lib" /MACHINE:X86 Debug.win32\DEMO323.exe.embed.manifest.res
         Debug.win32\AppDelegate.obj
         Debug.win32\Enemy.obj
         Debug.win32\EnemyLayer.obj
         Debug.win32\GameLayer.obj
         Debug.win32\GameScene.obj
         Debug.win32\HelloWorldScene.obj
         Debug.win32\LevelGame01.obj
         Debug.win32\LevelGame02.obj
         Debug.win32\LevelGame03.obj
         Debug.win32\LevelGame04.obj
         Debug.win32\LevelGame05.obj
         Debug.win32\LevelGame06.obj
         Debug.win32\LevelGame07.obj
         Debug.win32\LevelGame08.obj
         Debug.win32\NoTouchLayer.obj
         Debug.win32\PersonLayer.obj
         Debug.win32\ScorllMainLayer01.obj
         Debug.win32\ScorllMainLayer02.obj
         Debug.win32\ScorllMainLayer03.obj
         Debug.win32\ScorllMainLayer04.obj
         Debug.win32\ScorllMainLayer05.obj
         Debug.win32\ScorllMainLayer06.obj
         Debug.win32\ScorllMainLayer07.obj
         Debug.win32\ScorllMainLayer08.obj
         Debug.win32\ScrollView.obj
         Debug.win32\ScrollViewScene.obj
         Debug.win32\SWSpritePlayForTexturePacker.obj
         Debug.win32\WelcomeLayer.obj
         Debug.win32\main.obj
         "E:\cocos2d-x-2.2.2\cocos2d-x-2.2.2\projects\DEMO323\proj.win32\Debug.win32\libcocos2d.lib"
         "E:\cocos2d-x-2.2.2\cocos2d-x-2.2.2\projects\DEMO323\proj.win32\Debug.win32\libCocosDenshion.lib"
         "E:\cocos2d-x-2.2.2\cocos2d-x-2.2.2\projects\DEMO323\proj.win32\Debug.win32\libExtensions.lib"
         "E:\cocos2d-x-2.2.2\cocos2d-x-2.2.2\projects\DEMO323\proj.win32\Debug.win32\libBox2D.lib"
         "E:\cocos2d-x-2.2.2\cocos2d-x-2.2.2\projects\DEMO323\proj.win32\Debug.win32\libchipmunk.lib"
       Manifest:
         C:\Program Files\Microsoft SDKs\Windows\v7.0A\bin\mt.exe /nologo /verbose /out:"Debug.win32\DEMO323.exe.embed.manifest" /manifest Debug.win32\DEMO323.exe.intermediate.manifest
         所有输出均为最新。
       LinkEmbedManifest:
         所有输出均为最新。
         DEMO323.vcxproj -> E:\cocos2d-x-2.2.2\cocos2d-x-2.2.2\projects\DEMO323\proj.win32\Debug.win32\DEMO323.exe
       FinalizeBuildStatus:
         正在删除文件“Debug.win32\DEMO323.unsuccessfulbuild”。
         正在对“Debug.win32\DEMO323.lastbuildstate”执行 Touch 任务。
     1>已完成生成项目“E:\cocos2d-x-2.2.2\cocos2d-x-2.2.2\projects\DEMO323\proj.win32\DEMO323.vcxproj”(build 个目标)的操作。

生成成功。

已用时间 00:00:07.04
