E:\COCOS2D-X-2.2.2\COCOS2D-X-2.2.2\PROJECTS\DEMO323\PROJ.WIN32\DEBUG.WIN32\APPDELEGATE.OBJ
E:\cocos2d-x-2.2.2\cocos2d-x-2.2.2\projects\DEMO323\proj.win32\Debug.win32\cl.command.1.tlog
E:\cocos2d-x-2.2.2\cocos2d-x-2.2.2\projects\DEMO323\proj.win32\Debug.win32\CL.read.1.tlog
E:\cocos2d-x-2.2.2\cocos2d-x-2.2.2\projects\DEMO323\proj.win32\Debug.win32\CL.write.1.tlog
E:\COCOS2D-X-2.2.2\COCOS2D-X-2.2.2\PROJECTS\DEMO323\PROJ.WIN32\DEBUG.WIN32\DEMO323.EXE
E:\COCOS2D-X-2.2.2\COCOS2D-X-2.2.2\PROJECTS\DEMO323\PROJ.WIN32\DEBUG.WIN32\DEMO323.EXE.EMBED.MANIFEST
E:\COCOS2D-X-2.2.2\COCOS2D-X-2.2.2\PROJECTS\DEMO323\PROJ.WIN32\DEBUG.WIN32\DEMO323.EXE.EMBED.MANIFEST.RES
E:\COCOS2D-X-2.2.2\COCOS2D-X-2.2.2\PROJECTS\DEMO323\PROJ.WIN32\DEBUG.WIN32\DEMO323.EXE.INTERMEDIATE.MANIFEST
E:\COCOS2D-X-2.2.2\COCOS2D-X-2.2.2\PROJECTS\DEMO323\PROJ.WIN32\DEBUG.WIN32\DEMO323.ILK
E:\COCOS2D-X-2.2.2\COCOS2D-X-2.2.2\PROJECTS\DEMO323\PROJ.WIN32\DEBUG.WIN32\DEMO323.PDB
E:\cocos2d-x-2.2.2\cocos2d-x-2.2.2\projects\DEMO323\proj.win32\Debug.win32\DEMO323.write.1.tlog
E:\cocos2d-x-2.2.2\cocos2d-x-2.2.2\projects\DEMO323\proj.win32\Debug.win32\DEMO323_manifest.rc
E:\COCOS2D-X-2.2.2\COCOS2D-X-2.2.2\PROJECTS\DEMO323\PROJ.WIN32\DEBUG.WIN32\ENEMY.OBJ
E:\COCOS2D-X-2.2.2\COCOS2D-X-2.2.2\PROJECTS\DEMO323\PROJ.WIN32\DEBUG.WIN32\ENEMYLAYER.OBJ
E:\COCOS2D-X-2.2.2\COCOS2D-X-2.2.2\PROJECTS\DEMO323\PROJ.WIN32\DEBUG.WIN32\GAMELAYER.OBJ
E:\COCOS2D-X-2.2.2\COCOS2D-X-2.2.2\PROJECTS\DEMO323\PROJ.WIN32\DEBUG.WIN32\GAMESCENE.OBJ
E:\COCOS2D-X-2.2.2\COCOS2D-X-2.2.2\PROJECTS\DEMO323\PROJ.WIN32\DEBUG.WIN32\HELLOWORLDSCENE.OBJ
E:\COCOS2D-X-2.2.2\COCOS2D-X-2.2.2\PROJECTS\DEMO323\PROJ.WIN32\DEBUG.WIN32\LEVELGAME01.OBJ
E:\COCOS2D-X-2.2.2\COCOS2D-X-2.2.2\PROJECTS\DEMO323\PROJ.WIN32\DEBUG.WIN32\LEVELGAME02.OBJ
E:\COCOS2D-X-2.2.2\COCOS2D-X-2.2.2\PROJECTS\DEMO323\PROJ.WIN32\DEBUG.WIN32\LEVELGAME03.OBJ
E:\COCOS2D-X-2.2.2\COCOS2D-X-2.2.2\PROJECTS\DEMO323\PROJ.WIN32\DEBUG.WIN32\LEVELGAME04.OBJ
E:\COCOS2D-X-2.2.2\COCOS2D-X-2.2.2\PROJECTS\DEMO323\PROJ.WIN32\DEBUG.WIN32\LEVELGAME05.OBJ
E:\COCOS2D-X-2.2.2\COCOS2D-X-2.2.2\PROJECTS\DEMO323\PROJ.WIN32\DEBUG.WIN32\LEVELGAME06.OBJ
E:\COCOS2D-X-2.2.2\COCOS2D-X-2.2.2\PROJECTS\DEMO323\PROJ.WIN32\DEBUG.WIN32\LEVELGAME07.OBJ
E:\COCOS2D-X-2.2.2\COCOS2D-X-2.2.2\PROJECTS\DEMO323\PROJ.WIN32\DEBUG.WIN32\LEVELGAME08.OBJ
E:\cocos2d-x-2.2.2\cocos2d-x-2.2.2\projects\DEMO323\proj.win32\Debug.win32\libcocos2d.exp
E:\cocos2d-x-2.2.2\cocos2d-x-2.2.2\projects\DEMO323\proj.win32\Debug.win32\libcocos2d.pdb
E:\cocos2d-x-2.2.2\cocos2d-x-2.2.2\projects\DEMO323\proj.win32\Debug.win32\libCocosDenshion.exp
E:\cocos2d-x-2.2.2\cocos2d-x-2.2.2\projects\DEMO323\proj.win32\Debug.win32\libCocosDenshion.pdb
E:\cocos2d-x-2.2.2\cocos2d-x-2.2.2\projects\DEMO323\proj.win32\Debug.win32\link.command.1.tlog
E:\cocos2d-x-2.2.2\cocos2d-x-2.2.2\projects\DEMO323\proj.win32\Debug.win32\link.read.1.tlog
E:\cocos2d-x-2.2.2\cocos2d-x-2.2.2\projects\DEMO323\proj.win32\Debug.win32\link.write.1.tlog
E:\cocos2d-x-2.2.2\cocos2d-x-2.2.2\projects\DEMO323\proj.win32\Debug.win32\link-cvtres.read.1.tlog
E:\cocos2d-x-2.2.2\cocos2d-x-2.2.2\projects\DEMO323\proj.win32\Debug.win32\link-cvtres.write.1.tlog
E:\COCOS2D-X-2.2.2\COCOS2D-X-2.2.2\PROJECTS\DEMO323\PROJ.WIN32\DEBUG.WIN32\MAIN.OBJ
E:\cocos2d-x-2.2.2\cocos2d-x-2.2.2\projects\DEMO323\proj.win32\Debug.win32\mt.command.1.tlog
E:\cocos2d-x-2.2.2\cocos2d-x-2.2.2\projects\DEMO323\proj.win32\Debug.win32\mt.read.1.tlog
E:\cocos2d-x-2.2.2\cocos2d-x-2.2.2\projects\DEMO323\proj.win32\Debug.win32\mt.write.1.tlog
E:\COCOS2D-X-2.2.2\COCOS2D-X-2.2.2\PROJECTS\DEMO323\PROJ.WIN32\DEBUG.WIN32\NOTOUCHLAYER.OBJ
E:\COCOS2D-X-2.2.2\COCOS2D-X-2.2.2\PROJECTS\DEMO323\PROJ.WIN32\DEBUG.WIN32\PERSONLAYER.OBJ
E:\cocos2d-x-2.2.2\cocos2d-x-2.2.2\projects\DEMO323\proj.win32\Debug.win32\rc.command.1.tlog
E:\cocos2d-x-2.2.2\cocos2d-x-2.2.2\projects\DEMO323\proj.win32\Debug.win32\rc.read.1.tlog
E:\cocos2d-x-2.2.2\cocos2d-x-2.2.2\projects\DEMO323\proj.win32\Debug.win32\rc.write.1.tlog
E:\cocos2d-x-2.2.2\cocos2d-x-2.2.2\projects\DEMO323\proj.win32\Debug.win32\RCX1FB.tmp
E:\COCOS2D-X-2.2.2\COCOS2D-X-2.2.2\PROJECTS\DEMO323\PROJ.WIN32\DEBUG.WIN32\SCORLLMAINLAYER01.OBJ
E:\COCOS2D-X-2.2.2\COCOS2D-X-2.2.2\PROJECTS\DEMO323\PROJ.WIN32\DEBUG.WIN32\SCORLLMAINLAYER02.OBJ
E:\COCOS2D-X-2.2.2\COCOS2D-X-2.2.2\PROJECTS\DEMO323\PROJ.WIN32\DEBUG.WIN32\SCORLLMAINLAYER03.OBJ
E:\COCOS2D-X-2.2.2\COCOS2D-X-2.2.2\PROJECTS\DEMO323\PROJ.WIN32\DEBUG.WIN32\SCORLLMAINLAYER04.OBJ
E:\COCOS2D-X-2.2.2\COCOS2D-X-2.2.2\PROJECTS\DEMO323\PROJ.WIN32\DEBUG.WIN32\SCORLLMAINLAYER05.OBJ
E:\COCOS2D-X-2.2.2\COCOS2D-X-2.2.2\PROJECTS\DEMO323\PROJ.WIN32\DEBUG.WIN32\SCORLLMAINLAYER06.OBJ
E:\COCOS2D-X-2.2.2\COCOS2D-X-2.2.2\PROJECTS\DEMO323\PROJ.WIN32\DEBUG.WIN32\SCORLLMAINLAYER07.OBJ
E:\COCOS2D-X-2.2.2\COCOS2D-X-2.2.2\PROJECTS\DEMO323\PROJ.WIN32\DEBUG.WIN32\SCORLLMAINLAYER08.OBJ
E:\COCOS2D-X-2.2.2\COCOS2D-X-2.2.2\PROJECTS\DEMO323\PROJ.WIN32\DEBUG.WIN32\SCROLLVIEW.OBJ
E:\COCOS2D-X-2.2.2\COCOS2D-X-2.2.2\PROJECTS\DEMO323\PROJ.WIN32\DEBUG.WIN32\SCROLLVIEWSCENE.OBJ
E:\COCOS2D-X-2.2.2\COCOS2D-X-2.2.2\PROJECTS\DEMO323\PROJ.WIN32\DEBUG.WIN32\SWSPRITEPLAYFORTEXTUREPACKER.OBJ
E:\cocos2d-x-2.2.2\cocos2d-x-2.2.2\projects\DEMO323\proj.win32\Debug.win32\vc100.idb
E:\COCOS2D-X-2.2.2\COCOS2D-X-2.2.2\PROJECTS\DEMO323\PROJ.WIN32\DEBUG.WIN32\VC100.PDB
E:\COCOS2D-X-2.2.2\COCOS2D-X-2.2.2\PROJECTS\DEMO323\PROJ.WIN32\DEBUG.WIN32\WELCOMELAYER.OBJ
